permissionlib/build/outputs/logs/manifest-merger-debug-report.txt
-- Merging decision tree log ---
manifest
ADDED from src/main/AndroidManifest.xml:2:1-13:12
INJECTED from src/main/AndroidManifest.xml:2:1-13:12
INJECTED from src/main/AndroidManifest.xml:2:1-13:12
INJECTED from src/main/AndroidManifest.xml:2:1-13:12
INJECTED from src/main/AndroidManifest.xml:2:1-13:12
INJECTED from src/main/AndroidManifest.xml:2:1-13:12
INJECTED from src/main/AndroidManifest.xml:2:1-13:12
	package
		ADDED from src/main/AndroidManifest.xml:3:5-41
		INJECTED from src/main/AndroidManifest.xml
		INJECTED from src/main/AndroidManifest.xml
	android:versionName
		INJECTED from src/main/AndroidManifest.xml
		ADDED from src/main/AndroidManifest.xml:2:1-13:12
		INJECTED from src/main/AndroidManifest.xml
	android:versionCode
		INJECTED from src/main/AndroidManifest.xml
		ADDED from src/main/AndroidManifest.xml:2:1-13:12
		INJECTED from src/main/AndroidManifest.xml
	xmlns:android
		ADDED from src/main/AndroidManifest.xml:2:11-69
application
ADDED from src/main/AndroidManifest.xml:5:5-11:19
activity#com.smartstudy.permissions.AppSettingsDialogHolderActivity
ADDED from src/main/AndroidManifest.xml:6:9-10:65
	android:label
		ADDED from src/main/AndroidManifest.xml:9:13-29
	android:exported
		ADDED from src/main/AndroidManifest.xml:8:13-37
	android:theme
		ADDED from src/main/AndroidManifest.xml:10:13-62
	android:name
		ADDED from src/main/AndroidManifest.xml:7:13-86
uses-sdk
INJECTED from src/main/AndroidManifest.xml reason: use-sdk injection requested
INJECTED from src/main/AndroidManifest.xml
INJECTED from src/main/AndroidManifest.xml
INJECTED from src/main/AndroidManifest.xml
INJECTED from src/main/AndroidManifest.xml
	android:targetSdkVersion
		INJECTED from src/main/AndroidManifest.xml
		ADDED from src/main/AndroidManifest.xml
		INJECTED from src/main/AndroidManifest.xml
	android:minSdkVersion
		INJECTED from src/main/AndroidManifest.xml
		ADDED from src/main/AndroidManifest.xml
		INJECTED from src/main/AndroidManifest.xml